<?xml version="1.0" encoding="UTF-8"?>
<testsuite name="Scenario: Verify invalid signup error message" time="4.314" tests="15" errors="0" skipped="0" failures="0">
  <properties>
[...]
</properties>
  <testcase name="Given I am on the launch page" classname="Scenario: Verify the current temperature is between the lowest and highest temperature from the Daily Timeline" time="0.404"/>
  <testcase name="Then I verify current temperature is between the lowest and highest temperature from the Daily Timeline" classname="Scenario: Verify the current temperature is between the lowest and highest temperature from the Daily Timeline" time="0"/>
  <testcase name="Scenario: Verify the current temperature is between the lowest and highest temperature from the Daily Timeline" classname="Scenario: Verify the current temperature is between the lowest and highest temperature from the Daily Timeline" time="0.57"/>
  <testcase name="Given I am on the launch page" classname="Scenario: Verify the temperature timeline for an individual day" time="0.001"/>
  <testcase name="When I click on the temperature range for current day" classname="Scenario: Verify the temperature timeline for an individual day" time="0"/>
  <testcase name="Then I verify the min temperature in the details field matches the min temperature in the temperature range" classname="Scenario: Verify the temperature timeline for an individual day" time="0"/>
  <testcase name="And I verify the max temperature in the details field matches the max temperature in the temperature range" classname="Scenario: Verify the temperature timeline for an individual day" time="0"/>
  <testcase name="Scenario: Verify the temperature timeline for an individual day" classname="Scenario: Verify the temperature timeline for an individual day" time="1.029"/>
  <testcase name="Given I am on the launch page" classname="Scenario: Verify Daily Timeline is displayed in two hour increments" time="0.002"/>
  <testcase name="Then I verify the Daily Timeline is displayed in two hour increments" classname="Scenario: Verify Daily Timeline is displayed in two hour increments" time="0"/>
  <testcase name="Scenario: Verify Daily Timeline is displayed in two hour increments" classname="Scenario: Verify Daily Timeline is displayed in two hour increments" time="0.838"/>
  <testcase name="Given I am on the register page" classname="Scenario: Verify invalid signup error message" time="0.002"/>
  <testcase name="When I click on the register button" classname="Scenario: Verify invalid signup error message" time="0"/>
  <testcase name="Then I verify the error message displayed next to the email text field" classname="Scenario: Verify invalid signup error message" time="0"/>
  <testcase name="Scenario: Verify invalid signup error message" classname="Scenario: Verify invalid signup error message" time="1.468"/>
</testsuite>